0 info it worked if it ends with ok
1 verbose cli [ '/usr/local/bin/node', '/usr/local/bin/npm', 'build', '.' ]
2 info using npm@3.3.12
3 info using node@v5.4.0
4 info build /home/l0oky/Projects/nodejs/b64pack
5 info lifecycle b64pack@1.0.0~preinstall: b64pack@1.0.0
6 silly lifecycle b64pack@1.0.0~preinstall: no script for preinstall, continuing
7 info linkStuff b64pack@1.0.0
8 silly linkStuff b64pack@1.0.0 has /home/l0oky/Projects/nodejs as its parent node_modules
9 verbose linkBins b64pack@1.0.0
10 verbose linkMans b64pack@1.0.0
11 verbose rebuildBundles b64pack@1.0.0
12 info lifecycle b64pack@1.0.0~install: b64pack@1.0.0
13 verbose lifecycle b64pack@1.0.0~install: unsafe-perm in lifecycle true
14 verbose lifecycle b64pack@1.0.0~install: PATH: /usr/local/lib/node_modules/npm/bin/node-gyp-bin:/home/l0oky/Projects/nodejs/b64pack/node_modules/.bin:/usr/local/bin:/usr/bin:/bin:/usr/local/games:/usr/games
15 verbose lifecycle b64pack@1.0.0~install: CWD: /home/l0oky/Projects/nodejs/b64pack
16 silly lifecycle b64pack@1.0.0~install: Args: [ '-c', 'node-gyp rebuild' ]
17 silly lifecycle b64pack@1.0.0~install: Returned: code: 1  signal: null
18 info lifecycle b64pack@1.0.0~install: Failed to exec install script
19 verbose stack Error: b64pack@1.0.0 install: `node-gyp rebuild`
19 verbose stack Exit status 1
19 verbose stack     at EventEmitter.<anonymous> (/usr/local/lib/node_modules/npm/lib/utils/lifecycle.js:232:16)
19 verbose stack     at emitTwo (events.js:87:13)
19 verbose stack     at EventEmitter.emit (events.js:172:7)
19 verbose stack     at ChildProcess.<anonymous> (/usr/local/lib/node_modules/npm/lib/utils/spawn.js:24:14)
19 verbose stack     at emitTwo (events.js:87:13)
19 verbose stack     at ChildProcess.emit (events.js:172:7)
19 verbose stack     at maybeClose (internal/child_process.js:821:16)
19 verbose stack     at Process.ChildProcess._handle.onexit (internal/child_process.js:211:5)
20 verbose pkgid b64pack@1.0.0
21 verbose cwd /home/l0oky/Projects/nodejs/b64pack
22 error Linux 3.16.0-4-686-pae
23 error argv "/usr/local/bin/node" "/usr/local/bin/npm" "build" "."
24 error node v5.4.0
25 error npm  v3.3.12
26 error code ELIFECYCLE
27 error b64pack@1.0.0 install: `node-gyp rebuild`
27 error Exit status 1
28 error Failed at the b64pack@1.0.0 install script 'node-gyp rebuild'.
28 error Make sure you have the latest version of node.js and npm installed.
28 error If you do, this is most likely a problem with the b64pack package,
28 error not with npm itself.
28 error Tell the author that this fails on your system:
28 error     node-gyp rebuild
28 error You can get their info via:
28 error     npm owner ls b64pack
28 error There is likely additional logging output above.
29 verbose exit [ 1, true ]
